10:46:16 **** Incremental Build of configuration Debug for project clase 17-3 ****
Info: Internal Builder is used for build
gcc -o "clase 17-3.exe" "src\\clase 17-3.o" 
Info: Nothing to build for clase 17-3
Info: Nothing to build for clase 17-3
10:46:46 **** Incremental Build of configuration Debug for project clase 17-3 ****
Info: Internal Builder is used for build
gcc -O0 -g3 -Wall -c -fmessage-length=0 -o "src\\clase 17-3.o" "..\\src\\clase 17-3.c" 
gcc -o "clase 17-3.exe" "src\\clase 17-3.o" 
Info: Nothing to build for clase 17-3
10:48:00 **** Incremental Build of configuration Debug for project clase 17-3 ****
Info: Internal Builder is used for build
gcc -O0 -g3 -Wall -c -fmessage-length=0 -o "src\\clase 17-3.o" "..\\src\\clase 17-3.c" 
gcc -o "clase 17-3.exe" "src\\clase 17-3.o" 
10:51:51 **** Incremental Build of configuration Debug for project clase 17-3 ****
Info: Internal Builder is used for build
gcc -O0 -g3 -Wall -c -fmessage-length=0 -o "src\\clase 17-3.o" "..\\src\\clase 17-3.c" 
gcc -o "clase 17-3.exe" "src\\clase 17-3.o" 
10:53:04 **** Incremental Build of configuration Debug for project clase 17-3 ****
Info: Internal Builder is used for build
gcc -O0 -g3 -Wall -c -fmessage-length=0 -o "src\\clase 17-3.o" "..\\src\\clase 17-3.c" 
..\src\clase 17-3.c: In function 'agregar':
..\src\clase 17-3.c:98:4: error: expected expression before '}' token
    }
    ^
..\src\clase 17-3.c:78:7: warning: variable 'pAux' set but not used [-Wunused-but-set-variable]
  int* pAux;
       ^~~~
10:53:22 **** Incremental Build of configuration Debug for project clase 17-3 ****
Info: Internal Builder is used for build
gcc -O0 -g3 -Wall -c -fmessage-length=0 -o "src\\clase 17-3.o" "..\\src\\clase 17-3.c" 
gcc -o "clase 17-3.exe" "src\\clase 17-3.o" 
10:53:29 **** Incremental Build of configuration Debug for project clase 17-3 ****
Info: Internal Builder is used for build
gcc -O0 -g3 -Wall -c -fmessage-length=0 -o "src\\clase 17-3.o" "..\\src\\clase 17-3.c" 
gcc -o "clase 17-3.exe" "src\\clase 17-3.o" 
11:17:54 **** Incremental Build of configuration Debug for project clase 17-3 ****
Info: Internal Builder is used for build
gcc -O0 -g3 -Wall -c -fmessage-length=0 -o "src\\clase 17-3.o" "..\\src\\clase 17-3.c" 
gcc -o "clase 17-3.exe" "src\\clase 17-3.o" 
Info: Nothing to build for clase 17-3
Info: Nothing to build for clase 17-3
11:20:12 **** Incremental Build of configuration Debug for project clase 17-3 ****
Info: Internal Builder is used for build
gcc -O0 -g3 -Wall -c -fmessage-length=0 -o "src\\clase 17-3.o" "..\\src\\clase 17-3.c" 
gcc -o "clase 17-3.exe" "src\\clase 17-3.o" 
Info: Nothing to build for clase 17-3
11:20:24 **** Incremental Build of configuration Debug for project clase 17-3 ****
Info: Internal Builder is used for build
gcc -O0 -g3 -Wall -c -fmessage-length=0 -o "src\\clase 17-3.o" "..\\src\\clase 17-3.c" 
gcc -o "clase 17-3.exe" "src\\clase 17-3.o" 
11:20:58 **** Incremental Build of configuration Debug for project clase 17-3 ****
Info: Internal Builder is used for build
gcc -O0 -g3 -Wall -c -fmessage-length=0 -o "src\\clase 17-3.o" "..\\src\\clase 17-3.c" 
gcc -o "clase 17-3.exe" "src\\clase 17-3.o" 
11:22:47 **** Incremental Build of configuration Debug for project clase 17-3 ****
Info: Internal Builder is used for build
gcc -O0 -g3 -Wall -c -fmessage-length=0 -o "src\\clase 17-3.o" "..\\src\\clase 17-3.c" 
..\src\clase 17-3.c: In function 'agregar':
..\src\clase 17-3.c:77:6: warning: unused variable 'j' [-Wunused-variable]
  int j;
      ^
gcc -o "clase 17-3.exe" "src\\clase 17-3.o" 
11:28:01 **** Incremental Build of configuration Debug for project clase 17-3 ****
Info: Internal Builder is used for build
gcc -O0 -g3 -Wall -c -fmessage-length=0 -o "src\\clase 17-3.o" "..\\src\\clase 17-3.c" 
..\src\clase 17-3.c: In function 'agregar':
..\src\clase 17-3.c:96:17: warning: comparison between pointer and integer
     for(j = i; j<tam; j++)
                 ^
gcc -o "clase 17-3.exe" "src\\clase 17-3.o" 
11:28:08 **** Incremental Build of configuration Debug for project clase 17-3 ****
Info: Internal Builder is used for build
gcc -O0 -g3 -Wall -c -fmessage-length=0 -o "src\\clase 17-3.o" "..\\src\\clase 17-3.c" 
gcc -o "clase 17-3.exe" "src\\clase 17-3.o" 
11:29:14 **** Incremental Build of configuration Debug for project clase 17-3 ****
Info: Internal Builder is used for build
gcc -O0 -g3 -Wall -c -fmessage-length=0 -o "src\\clase 17-3.o" "..\\src\\clase 17-3.c" 
gcc -o "clase 17-3.exe" "src\\clase 17-3.o" 
Info: Nothing to build for clase 17-3
11:29:33 **** Incremental Build of configuration Debug for project clase 17-3 ****
Info: Internal Builder is used for build
gcc -O0 -g3 -Wall -c -fmessage-length=0 -o "src\\clase 17-3.o" "..\\src\\clase 17-3.c" 
gcc -o "clase 17-3.exe" "src\\clase 17-3.o" 
11:29:45 **** Incremental Build of configuration Debug for project clase 17-3 ****
Info: Internal Builder is used for build
gcc -O0 -g3 -Wall -c -fmessage-length=0 -o "src\\clase 17-3.o" "..\\src\\clase 17-3.c" 
gcc -o "clase 17-3.exe" "src\\clase 17-3.o" 
11:30:23 **** Incremental Build of configuration Debug for project clase 17-3 ****
Info: Internal Builder is used for build
gcc -O0 -g3 -Wall -c -fmessage-length=0 -o "src\\clase 17-3.o" "..\\src\\clase 17-3.c" 
gcc -o "clase 17-3.exe" "src\\clase 17-3.o" 
11:30:38 **** Incremental Build of configuration Debug for project clase 17-3 ****
Info: Internal Builder is used for build
gcc -O0 -g3 -Wall -c -fmessage-length=0 -o "src\\clase 17-3.o" "..\\src\\clase 17-3.c" 
gcc -o "clase 17-3.exe" "src\\clase 17-3.o" 
11:31:40 **** Incremental Build of configuration Debug for project clase 17-3 ****
Info: Internal Builder is used for build
gcc -O0 -g3 -Wall -c -fmessage-length=0 -o "src\\clase 17-3.o" "..\\src\\clase 17-3.c" 
gcc -o "clase 17-3.exe" "src\\clase 17-3.o" 
Info: Nothing to build for clase 17-3
11:33:34 **** Incremental Build of configuration Debug for project clase 17-3 ****
Info: Internal Builder is used for build
gcc -O0 -g3 -Wall -c -fmessage-length=0 -o "src\\clase 17-3.o" "..\\src\\clase 17-3.c" 
gcc -o "clase 17-3.exe" "src\\clase 17-3.o" 
11:33:53 **** Incremental Build of configuration Debug for project clase 17-3 ****
Info: Internal Builder is used for build
gcc -O0 -g3 -Wall -c -fmessage-length=0 -o "src\\clase 17-3.o" "..\\src\\clase 17-3.c" 
gcc -o "clase 17-3.exe" "src\\clase 17-3.o" 
11:34:26 **** Incremental Build of configuration Debug for project clase 17-3 ****
Info: Internal Builder is used for build
gcc -O0 -g3 -Wall -c -fmessage-length=0 -o "src\\clase 17-3.o" "..\\src\\clase 17-3.c" 
gcc -o "clase 17-3.exe" "src\\clase 17-3.o" 
11:34:38 **** Incremental Build of configuration Debug for project clase 17-3 ****
Info: Internal Builder is used for build
gcc -O0 -g3 -Wall -c -fmessage-length=0 -o "src\\clase 17-3.o" "..\\src\\clase 17-3.c" 
gcc -o "clase 17-3.exe" "src\\clase 17-3.o" 
11:34:46 **** Incremental Build of configuration Debug for project clase 17-3 ****
Info: Internal Builder is used for build
gcc -O0 -g3 -Wall -c -fmessage-length=0 -o "src\\clase 17-3.o" "..\\src\\clase 17-3.c" 
gcc -o "clase 17-3.exe" "src\\clase 17-3.o" 
11:36:28 **** Incremental Build of configuration Debug for project clase 17-3 ****
Info: Internal Builder is used for build
gcc -O0 -g3 -Wall -c -fmessage-length=0 -o "src\\clase 17-3.o" "..\\src\\clase 17-3.c" 
gcc -o "clase 17-3.exe" "src\\clase 17-3.o" 
11:36:46 **** Incremental Build of configuration Debug for project clase 17-3 ****
Info: Internal Builder is used for build
gcc -O0 -g3 -Wall -c -fmessage-length=0 -o "src\\clase 17-3.o" "..\\src\\clase 17-3.c" 
gcc -o "clase 17-3.exe" "src\\clase 17-3.o" 
11:36:57 **** Incremental Build of configuration Debug for project clase 17-3 ****
Info: Internal Builder is used for build
gcc -O0 -g3 -Wall -c -fmessage-length=0 -o "src\\clase 17-3.o" "..\\src\\clase 17-3.c" 
gcc -o "clase 17-3.exe" "src\\clase 17-3.o" 
11:37:18 **** Incremental Build of configuration Debug for project clase 17-3 ****
Info: Internal Builder is used for build
gcc -O0 -g3 -Wall -c -fmessage-length=0 -o "src\\clase 17-3.o" "..\\src\\clase 17-3.c" 
gcc -o "clase 17-3.exe" "src\\clase 17-3.o" 
Info: Nothing to build for clase 17-3
11:38:48 **** Incremental Build of configuration Debug for project clase 17-3 ****
Info: Internal Builder is used for build
gcc -O0 -g3 -Wall -c -fmessage-length=0 -o "src\\clase 17-3.o" "..\\src\\clase 17-3.c" 
..\src\clase 17-3.c: In function 'agregar':
..\src\clase 17-3.c:82:34: error: invalid operands to binary * (have 'unsigned int' and 'int *')
  pAux = (int*) malloc(sizeof(int)*tam);
                                  ^
11:39:10 **** Incremental Build of configuration Debug for project clase 17-3 ****
Info: Internal Builder is used for build
gcc -O0 -g3 -Wall -c -fmessage-length=0 -o "src\\clase 17-3.o" "..\\src\\clase 17-3.c" 
gcc -o "clase 17-3.exe" "src\\clase 17-3.o" 
Info: Nothing to build for clase 17-3
11:39:25 **** Incremental Build of configuration Debug for project clase 17-3 ****
Info: Internal Builder is used for build
gcc -O0 -g3 -Wall -c -fmessage-length=0 -o "src\\clase 17-3.o" "..\\src\\clase 17-3.c" 
gcc -o "clase 17-3.exe" "src\\clase 17-3.o" 
Info: Nothing to build for clase 17-3
11:43:57 **** Incremental Build of configuration Debug for project clase 17-3 ****
Info: Internal Builder is used for build
gcc -O0 -g3 -Wall -c -fmessage-length=0 -o "src\\clase 17-3.o" "..\\src\\clase 17-3.c" 
gcc -o "clase 17-3.exe" "src\\clase 17-3.o" 
11:51:18 **** Incremental Build of configuration Debug for project clase 17-3 ****
Info: Internal Builder is used for build
gcc -O0 -g3 -Wall -c -fmessage-length=0 -o "src\\clase 17-3.o" "..\\src\\clase 17-3.c" 
gcc -o "clase 17-3.exe" "src\\clase 17-3.o" 
11:52:11 **** Incremental Build of configuration Debug for project clase 17-3 ****
Info: Internal Builder is used for build
gcc -O0 -g3 -Wall -c -fmessage-length=0 -o "src\\clase 17-3.o" "..\\src\\clase 17-3.c" 
gcc -o "clase 17-3.exe" "src\\clase 17-3.o" 
Info: Nothing to build for clase 17-3
11:54:47 **** Incremental Build of configuration Debug for project clase 17-3 ****
Info: Internal Builder is used for build
gcc -O0 -g3 -Wall -c -fmessage-length=0 -o "src\\clase 17-3.o" "..\\src\\clase 17-3.c" 
gcc -o "clase 17-3.exe" "src\\clase 17-3.o" 
11:55:05 **** Incremental Build of configuration Debug for project clase 17-3 ****
Info: Internal Builder is used for build
gcc -O0 -g3 -Wall -c -fmessage-length=0 -o "src\\clase 17-3.o" "..\\src\\clase 17-3.c" 
gcc -o "clase 17-3.exe" "src\\clase 17-3.o" 
Info: Nothing to build for clase 17-3
11:56:14 **** Incremental Build of configuration Debug for project clase 17-3 ****
Info: Internal Builder is used for build
gcc -O0 -g3 -Wall -c -fmessage-length=0 -o "src\\clase 17-3.o" "..\\src\\clase 17-3.c" 
gcc -o "clase 17-3.exe" "src\\clase 17-3.o" 
11:57:11 **** Incremental Build of configuration Debug for project clase 17-3 ****
Info: Internal Builder is used for build
gcc -O0 -g3 -Wall -c -fmessage-length=0 -o "src\\clase 17-3.o" "..\\src\\clase 17-3.c" 
gcc -o "clase 17-3.exe" "src\\clase 17-3.o" 
Info: Nothing to build for clase 17-3
11:57:34 **** Incremental Build of configuration Debug for project clase 17-3 ****
Info: Internal Builder is used for build
gcc -O0 -g3 -Wall -c -fmessage-length=0 -o "src\\clase 17-3.o" "..\\src\\clase 17-3.c" 
gcc -o "clase 17-3.exe" "src\\clase 17-3.o" 
11:58:45 **** Incremental Build of configuration Debug for project clase 17-3 ****
Info: Internal Builder is used for build
gcc -O0 -g3 -Wall -c -fmessage-length=0 -o "src\\clase 17-3.o" "..\\src\\clase 17-3.c" 
gcc -o "clase 17-3.exe" "src\\clase 17-3.o" 
Info: Nothing to build for clase 17-3
Info: Nothing to build for clase 17-3
12:00:17 **** Incremental Build of configuration Debug for project clase 17-3 ****
Info: Internal Builder is used for build
gcc -O0 -g3 -Wall -c -fmessage-length=0 -o "src\\clase 17-3.o" "..\\src\\clase 17-3.c" 
..\src\clase 17-3.c: In function 'agregar':
..\src\clase 17-3.c:78:6: warning: unused variable 'array' [-Wunused-variable]
  int array[*tam];
      ^~~~~
gcc -o "clase 17-3.exe" "src\\clase 17-3.o" 
12:00:37 **** Incremental Build of configuration Debug for project clase 17-3 ****
Info: Internal Builder is used for build
gcc -O0 -g3 -Wall -c -fmessage-length=0 -o "src\\clase 17-3.o" "..\\src\\clase 17-3.c" 
..\src\clase 17-3.c: In function 'agregar':
..\src\clase 17-3.c:81:8: error: assignment to expression with array type
  array = pArray;
        ^
..\src\clase 17-3.c:78:6: warning: variable 'array' set but not used [-Wunused-but-set-variable]
  int array[*tam];
      ^~~~~
12:00:46 **** Incremental Build of configuration Debug for project clase 17-3 ****
Info: Internal Builder is used for build
gcc -O0 -g3 -Wall -c -fmessage-length=0 -o "src\\clase 17-3.o" "..\\src\\clase 17-3.c" 
..\src\clase 17-3.c: In function 'agregar':
..\src\clase 17-3.c:81:8: error: assignment to expression with array type
  array = &pArray;
        ^
..\src\clase 17-3.c:78:6: warning: variable 'array' set but not used [-Wunused-but-set-variable]
  int array[*tam];
      ^~~~~
12:00:52 **** Incremental Build of configuration Debug for project clase 17-3 ****
Info: Internal Builder is used for build
gcc -O0 -g3 -Wall -c -fmessage-length=0 -o "src\\clase 17-3.o" "..\\src\\clase 17-3.c" 
..\src\clase 17-3.c: In function 'agregar':
..\src\clase 17-3.c:78:6: error: size of array 'array' has non-integer type
  int array[tam];
      ^~~~~
..\src\clase 17-3.c:81:8: error: assignment to expression with array type
  array = pArray;
        ^
..\src\clase 17-3.c:78:6: warning: variable 'array' set but not used [-Wunused-but-set-variable]
  int array[tam];
      ^~~~~
12:01:00 **** Incremental Build of configuration Debug for project clase 17-3 ****
Info: Internal Builder is used for build
gcc -O0 -g3 -Wall -c -fmessage-length=0 -o "src\\clase 17-3.o" "..\\src\\clase 17-3.c" 
..\src\clase 17-3.c: In function 'agregar':
..\src\clase 17-3.c:81:8: error: assignment to expression with array type
  array = *pArray;
        ^
..\src\clase 17-3.c:78:6: warning: variable 'array' set but not used [-Wunused-but-set-variable]
  int array[*tam];
      ^~~~~
12:01:27 **** Incremental Build of configuration Debug for project clase 17-3 ****
Info: Internal Builder is used for build
gcc -O0 -g3 -Wall -c -fmessage-length=0 -o "src\\clase 17-3.o" "..\\src\\clase 17-3.c" 
..\src\clase 17-3.c: In function 'agregar':
..\src\clase 17-3.c:78:7: warning: variable 'array' set but not used [-Wunused-but-set-variable]
  int* array;
       ^~~~~
gcc -o "clase 17-3.exe" "src\\clase 17-3.o" 
Info: Nothing to build for clase 17-3
12:02:55 **** Incremental Build of configuration Debug for project clase 17-3 ****
Info: Internal Builder is used for build
gcc -O0 -g3 -Wall -c -fmessage-length=0 -o "src\\clase 17-3.o" "..\\src\\clase 17-3.c" 
gcc -o "clase 17-3.exe" "src\\clase 17-3.o" 
Info: Nothing to build for clase 17-3
12:03:12 **** Incremental Build of configuration Debug for project clase 17-3 ****
Info: Internal Builder is used for build
gcc -O0 -g3 -Wall -c -fmessage-length=0 -o "src\\clase 17-3.o" "..\\src\\clase 17-3.c" 
gcc -o "clase 17-3.exe" "src\\clase 17-3.o" 
12:06:30 **** Incremental Build of configuration Debug for project clase 17-3 ****
Info: Internal Builder is used for build
gcc -O0 -g3 -Wall -c -fmessage-length=0 -o "src\\clase 17-3.o" "..\\src\\clase 17-3.c" 
..\src\clase 17-3.c: In function 'agregar':
..\src\clase 17-3.c:90:30: error: expected ')' before ';' token
    printf("%d \n", *(array+i);
                              ^
..\src\clase 17-3.c:107:3: error: expected ';' before '}' token
   }
   ^
12:06:42 **** Incremental Build of configuration Debug for project clase 17-3 ****
Info: Internal Builder is used for build
gcc -O0 -g3 -Wall -c -fmessage-length=0 -o "src\\clase 17-3.o" "..\\src\\clase 17-3.c" 
gcc -o "clase 17-3.exe" "src\\clase 17-3.o" 
Info: Nothing to build for clase 17-3
12:07:36 **** Incremental Build of configuration Debug for project clase 17-3 ****
Info: Internal Builder is used for build
gcc -O0 -g3 -Wall -c -fmessage-length=0 -o "src\\clase 17-3.o" "..\\src\\clase 17-3.c" 
gcc -o "clase 17-3.exe" "src\\clase 17-3.o" 
12:08:04 **** Incremental Build of configuration Debug for project clase 17-3 ****
Info: Internal Builder is used for build
gcc -O0 -g3 -Wall -c -fmessage-length=0 -o "src\\clase 17-3.o" "..\\src\\clase 17-3.c" 
gcc -o "clase 17-3.exe" "src\\clase 17-3.o" 
12:09:21 **** Incremental Build of configuration Debug for project clase 17-3 ****
Info: Internal Builder is used for build
gcc -O0 -g3 -Wall -c -fmessage-length=0 -o "src\\clase 17-3.o" "..\\src\\clase 17-3.c" 
gcc -o "clase 17-3.exe" "src\\clase 17-3.o" 
Info: Nothing to build for clase 17-3
12:09:57 **** Incremental Build of configuration Debug for project clase 17-3 ****
Info: Internal Builder is used for build
gcc -O0 -g3 -Wall -c -fmessage-length=0 -o "src\\clase 17-3.o" "..\\src\\clase 17-3.c" 
gcc -o "clase 17-3.exe" "src\\clase 17-3.o" 
12:10:14 **** Incremental Build of configuration Debug for project clase 17-3 ****
Info: Internal Builder is used for build
gcc -O0 -g3 -Wall -c -fmessage-length=0 -o "src\\clase 17-3.o" "..\\src\\clase 17-3.c" 
gcc -o "clase 17-3.exe" "src\\clase 17-3.o" 
Info: Nothing to build for clase 17-3
12:10:36 **** Incremental Build of configuration Debug for project clase 17-3 ****
Info: Internal Builder is used for build
gcc -O0 -g3 -Wall -c -fmessage-length=0 -o "src\\clase 17-3.o" "..\\src\\clase 17-3.c" 
gcc -o "clase 17-3.exe" "src\\clase 17-3.o" 
12:12:32 **** Incremental Build of configuration Debug for project clase 17-3 ****
Info: Internal Builder is used for build
gcc -O0 -g3 -Wall -c -fmessage-length=0 -o "src\\clase 17-3.o" "..\\src\\clase 17-3.c" 
gcc -o "clase 17-3.exe" "src\\clase 17-3.o" 
12:17:18 **** Incremental Build of configuration Debug for project clase 17-3 ****
Info: Internal Builder is used for build
gcc -O0 -g3 -Wall -c -fmessage-length=0 -o "src\\clase 17-3.o" "..\\src\\clase 17-3.c" 
gcc -o "clase 17-3.exe" "src\\clase 17-3.o" 
12:17:32 **** Incremental Build of configuration Debug for project clase 17-3 ****
Info: Internal Builder is used for build
gcc -O0 -g3 -Wall -c -fmessage-length=0 -o "src\\clase 17-3.o" "..\\src\\clase 17-3.c" 
gcc -o "clase 17-3.exe" "src\\clase 17-3.o" 
Info: Nothing to build for clase 17-3
Info: Nothing to build for clase 17-3
17:44:05 **** Incremental Build of configuration Debug for project clase 17-3 ****
Info: Internal Builder is used for build
gcc -O0 -g3 -Wall -c -fmessage-length=0 -o "src\\clase 17-3.o" "..\\src\\clase 17-3.c" 
..\src\clase 17-3.c: In function 'agregar':
..\src\clase 17-3.c:82:26: error: invalid operands to binary * (have 'char *' and 'int *')
  printf("calloc ->%d \n" *(array+0));
         ~~~~~~~~~~~~~~~~ ^~~~~~~~~~
..\src\clase 17-3.c:83:26: error: invalid operands to binary * (have 'char *' and 'int *')
  printf("calloc ->%d \n" *(array+1));
         ~~~~~~~~~~~~~~~~ ^~~~~~~~~~
..\src\clase 17-3.c:84:26: error: invalid operands to binary * (have 'char *' and 'int *')
  printf("calloc ->%d \n" *(array+2));
         ~~~~~~~~~~~~~~~~ ^~~~~~~~~~
..\src\clase 17-3.c:85:26: error: invalid operands to binary * (have 'char *' and 'int *')
  printf("calloc ->%d \n" *(array+3));
         ~~~~~~~~~~~~~~~~ ^~~~~~~~~~
17:44:34 **** Incremental Build of configuration Debug for project clase 17-3 ****
Info: Internal Builder is used for build
gcc -O0 -g3 -Wall -c -fmessage-length=0 -o "src\\clase 17-3.o" "..\\src\\clase 17-3.c" 
..\src\clase 17-3.c: In function 'agregar':
..\src\clase 17-3.c:82:9: error: called object is not a function or function pointer
  printf("calloc ->%d \n" (array+0));
         ^~~~~~~~~~~~~~~~
..\src\clase 17-3.c:83:9: error: called object is not a function or function pointer
  printf("calloc ->%d \n" (array+1));
         ^~~~~~~~~~~~~~~~
..\src\clase 17-3.c:84:9: error: called object is not a function or function pointer
  printf("calloc ->%d \n" (array+2));
         ^~~~~~~~~~~~~~~~
..\src\clase 17-3.c:85:9: error: called object is not a function or function pointer
  printf("calloc ->%d \n" (array+3));
         ^~~~~~~~~~~~~~~~
17:44:54 **** Incremental Build of configuration Debug for project clase 17-3 ****
Info: Internal Builder is used for build
gcc -O0 -g3 -Wall -c -fmessage-length=0 -o "src\\clase 17-3.o" "..\\src\\clase 17-3.c" 
..\src\clase 17-3.c: In function 'agregar':
..\src\clase 17-3.c:82:26: error: invalid operands to binary * (have 'char *' and 'int')
  printf("calloc ->%d \n" *(*array+0));
         ~~~~~~~~~~~~~~~~ ^~~~~~~~~~~
..\src\clase 17-3.c:83:26: error: invalid operands to binary * (have 'char *' and 'int')
  printf("calloc ->%d \n" *(*array+1));
         ~~~~~~~~~~~~~~~~ ^~~~~~~~~~~
..\src\clase 17-3.c:84:26: error: invalid operands to binary * (have 'char *' and 'int')
  printf("calloc ->%d \n" *(*array+2));
         ~~~~~~~~~~~~~~~~ ^~~~~~~~~~~
..\src\clase 17-3.c:85:26: error: invalid operands to binary * (have 'char *' and 'int')
  printf("calloc ->%d \n" *(*array+3));
         ~~~~~~~~~~~~~~~~ ^~~~~~~~~~~
17:45:00 **** Incremental Build of configuration Debug for project clase 17-3 ****
Info: Internal Builder is used for build
gcc -O0 -g3 -Wall -c -fmessage-length=0 -o "src\\clase 17-3.o" "..\\src\\clase 17-3.c" 
..\src\clase 17-3.c: In function 'agregar':
..\src\clase 17-3.c:82:9: error: called object is not a function or function pointer
  printf("calloc ->%d \n" (*array+0));
         ^~~~~~~~~~~~~~~~
..\src\clase 17-3.c:83:9: error: called object is not a function or function pointer
  printf("calloc ->%d \n" (*array+1));
         ^~~~~~~~~~~~~~~~
..\src\clase 17-3.c:84:9: error: called object is not a function or function pointer
  printf("calloc ->%d \n" (*array+2));
         ^~~~~~~~~~~~~~~~
..\src\clase 17-3.c:85:9: error: called object is not a function or function pointer
  printf("calloc ->%d \n" (*array+3));
         ^~~~~~~~~~~~~~~~
17:45:38 **** Incremental Build of configuration Debug for project clase 17-3 ****
Info: Internal Builder is used for build
gcc -O0 -g3 -Wall -c -fmessage-length=0 -o "src\\clase 17-3.o" "..\\src\\clase 17-3.c" 
..\src\clase 17-3.c: In function 'agregar':
..\src\clase 17-3.c:85:10: error: called object is not a function or function pointer
   printf("calloc ->%d \n" (*array+i));
          ^~~~~~~~~~~~~~~~
17:45:46 **** Incremental Build of configuration Debug for project clase 17-3 ****
Info: Internal Builder is used for build
gcc -O0 -g3 -Wall -c -fmessage-length=0 -o "src\\clase 17-3.o" "..\\src\\clase 17-3.c" 
..\src\clase 17-3.c: In function 'agregar':
..\src\clase 17-3.c:85:27: error: invalid operands to binary * (have 'char *' and 'int *')
   printf("calloc ->%d \n" *(array+i));
          ~~~~~~~~~~~~~~~~ ^~~~~~~~~~
17:46:24 **** Incremental Build of configuration Debug for project clase 17-3 ****
Info: Internal Builder is used for build
gcc -O0 -g3 -Wall -c -fmessage-length=0 -o "src\\clase 17-3.o" "..\\src\\clase 17-3.c" 
..\src\clase 17-3.c: In function 'agregar':
..\src\clase 17-3.c:85:27: error: invalid operands to binary * (have 'char *' and 'int *')
   printf("calloc ->%d \n" *(array+i));
          ~~~~~~~~~~~~~~~~ ^~~~~~~~~~
17:46:46 **** Incremental Build of configuration Debug for project clase 17-3 ****
Info: Internal Builder is used for build
gcc -O0 -g3 -Wall -c -fmessage-length=0 -o "src\\clase 17-3.o" "..\\src\\clase 17-3.c" 
..\src\clase 17-3.c: In function 'agregar':
..\src\clase 17-3.c:86:27: error: invalid operands to binary * (have 'char *' and 'int *')
   printf("calloc ->%d \n" *(array+i));
          ~~~~~~~~~~~~~~~~ ^~~~~~~~~~
17:47:18 **** Incremental Build of configuration Debug for project clase 17-3 ****
Info: Internal Builder is used for build
gcc -O0 -g3 -Wall -c -fmessage-length=0 -o "src\\clase 17-3.o" "..\\src\\clase 17-3.c" 
..\src\clase 17-3.c: In function 'agregar':
..\src\clase 17-3.c:86:27: error: invalid operands to binary * (have 'char *' and 'int *')
   printf("calloc ->%d \n" *(array+i));
          ~~~~~~~~~~~~~~~~ ^~~~~~~~~~
17:47:29 **** Incremental Build of configuration Debug for project clase 17-3 ****
Info: Internal Builder is used for build
gcc -O0 -g3 -Wall -c -fmessage-length=0 -o "src\\clase 17-3.o" "..\\src\\clase 17-3.c" 
..\src\clase 17-3.c: In function 'agregar':
..\src\clase 17-3.c:86:27: error: invalid operands to binary * (have 'char *' and 'int *')
   printf("calloc ->%d \n" *(array+i));
          ~~~~~~~~~~~~~~~~ ^~~~~~~~~~
17:48:28 **** Incremental Build of configuration Debug for project clase 17-3 ****
Info: Internal Builder is used for build
gcc -O0 -g3 -Wall -c -fmessage-length=0 -o "src\\clase 17-3.o" "..\\src\\clase 17-3.c" 
gcc -o "clase 17-3.exe" "src\\clase 17-3.o" 
Info: Nothing to build for clase 17-3
17:49:21 **** Incremental Build of configuration Debug for project clase 17-3 ****
Info: Internal Builder is used for build
gcc -O0 -g3 -Wall -c -fmessage-length=0 -o "src\\clase 17-3.o" "..\\src\\clase 17-3.c" 
gcc -o "clase 17-3.exe" "src\\clase 17-3.o" 
Info: Nothing to build for clase 17-3
17:49:56 **** Incremental Build of configuration Debug for project clase 17-3 ****
Info: Internal Builder is used for build
gcc -O0 -g3 -Wall -c -fmessage-length=0 -o "src\\clase 17-3.o" "..\\src\\clase 17-3.c" 
gcc -o "clase 17-3.exe" "src\\clase 17-3.o" 
Info: Nothing to build for clase 17-3
17:50:06 **** Incremental Build of configuration Debug for project clase 17-3 ****
Info: Internal Builder is used for build
gcc -O0 -g3 -Wall -c -fmessage-length=0 -o "src\\clase 17-3.o" "..\\src\\clase 17-3.c" 
gcc -o "clase 17-3.exe" "src\\clase 17-3.o" 
17:50:12 **** Incremental Build of configuration Debug for project clase 17-3 ****
Info: Internal Builder is used for build
gcc -O0 -g3 -Wall -c -fmessage-length=0 -o "src\\clase 17-3.o" "..\\src\\clase 17-3.c" 
gcc -o "clase 17-3.exe" "src\\clase 17-3.o" 
Info: Nothing to build for clase 17-3
17:51:11 **** Incremental Build of configuration Debug for project clase 17-3 ****
Info: Internal Builder is used for build
gcc -O0 -g3 -Wall -c -fmessage-length=0 -o "src\\clase 17-3.o" "..\\src\\clase 17-3.c" 
gcc -o "clase 17-3.exe" "src\\clase 17-3.o" 
17:51:35 **** Incremental Build of configuration Debug for project clase 17-3 ****
Info: Internal Builder is used for build
gcc -O0 -g3 -Wall -c -fmessage-length=0 -o "src\\clase 17-3.o" "..\\src\\clase 17-3.c" 
gcc -o "clase 17-3.exe" "src\\clase 17-3.o" 
17:51:52 **** Incremental Build of configuration Debug for project clase 17-3 ****
Info: Internal Builder is used for build
gcc -O0 -g3 -Wall -c -fmessage-length=0 -o "src\\clase 17-3.o" "..\\src\\clase 17-3.c" 
gcc -o "clase 17-3.exe" "src\\clase 17-3.o" 
Info: Nothing to build for clase 17-3
17:52:06 **** Incremental Build of configuration Debug for project clase 17-3 ****
Info: Internal Builder is used for build
gcc -O0 -g3 -Wall -c -fmessage-length=0 -o "src\\clase 17-3.o" "..\\src\\clase 17-3.c" 
gcc -o "clase 17-3.exe" "src\\clase 17-3.o" 
Info: Nothing to build for clase 17-3
17:52:27 **** Incremental Build of configuration Debug for project clase 17-3 ****
Info: Internal Builder is used for build
gcc -O0 -g3 -Wall -c -fmessage-length=0 -o "src\\clase 17-3.o" "..\\src\\clase 17-3.c" 
gcc -o "clase 17-3.exe" "src\\clase 17-3.o" 
17:52:38 **** Incremental Build of configuration Debug for project clase 17-3 ****
Info: Internal Builder is used for build
gcc -O0 -g3 -Wall -c -fmessage-length=0 -o "src\\clase 17-3.o" "..\\src\\clase 17-3.c" 
gcc -o "clase 17-3.exe" "src\\clase 17-3.o" 
17:52:56 **** Incremental Build of configuration Debug for project clase 17-3 ****
Info: Internal Builder is used for build
gcc -O0 -g3 -Wall -c -fmessage-length=0 -o "src\\clase 17-3.o" "..\\src\\clase 17-3.c" 
gcc -o "clase 17-3.exe" "src\\clase 17-3.o" 
17:54:01 **** Incremental Build of configuration Debug for project clase 17-3 ****
Info: Internal Builder is used for build
gcc -O0 -g3 -Wall -c -fmessage-length=0 -o "src\\clase 17-3.o" "..\\src\\clase 17-3.c" 
gcc -o "clase 17-3.exe" "src\\clase 17-3.o" 
Info: Nothing to build for clase 17-3
17:55:06 **** Incremental Build of configuration Debug for project clase 17-3 ****
Info: Internal Builder is used for build
gcc -O0 -g3 -Wall -c -fmessage-length=0 -o "src\\clase 17-3.o" "..\\src\\clase 17-3.c" 
gcc -o "clase 17-3.exe" "src\\clase 17-3.o" 
17:55:14 **** Incremental Build of configuration Debug for project clase 17-3 ****
Info: Internal Builder is used for build
gcc -O0 -g3 -Wall -c -fmessage-length=0 -o "src\\clase 17-3.o" "..\\src\\clase 17-3.c" 
gcc -o "clase 17-3.exe" "src\\clase 17-3.o" 
17:55:21 **** Incremental Build of configuration Debug for project clase 17-3 ****
Info: Internal Builder is used for build
gcc -O0 -g3 -Wall -c -fmessage-length=0 -o "src\\clase 17-3.o" "..\\src\\clase 17-3.c" 
gcc -o "clase 17-3.exe" "src\\clase 17-3.o" 
17:55:32 **** Incremental Build of configuration Debug for project clase 17-3 ****
Info: Internal Builder is used for build
gcc -O0 -g3 -Wall -c -fmessage-length=0 -o "src\\clase 17-3.o" "..\\src\\clase 17-3.c" 
gcc -o "clase 17-3.exe" "src\\clase 17-3.o" 
17:55:43 **** Incremental Build of configuration Debug for project clase 17-3 ****
Info: Internal Builder is used for build
gcc -O0 -g3 -Wall -c -fmessage-length=0 -o "src\\clase 17-3.o" "..\\src\\clase 17-3.c" 
gcc -o "clase 17-3.exe" "src\\clase 17-3.o" 
17:55:49 **** Incremental Build of configuration Debug for project clase 17-3 ****
Info: Internal Builder is used for build
gcc -O0 -g3 -Wall -c -fmessage-length=0 -o "src\\clase 17-3.o" "..\\src\\clase 17-3.c" 
gcc -o "clase 17-3.exe" "src\\clase 17-3.o" 
17:56:21 **** Incremental Build of configuration Debug for project clase 17-3 ****
Info: Internal Builder is used for build
gcc -O0 -g3 -Wall -c -fmessage-length=0 -o "src\\clase 17-3.o" "..\\src\\clase 17-3.c" 
..\src\clase 17-3.c: In function 'agregar':
..\src\clase 17-3.c:78:7: warning: variable 'pAux' set but not used [-Wunused-but-set-variable]
  int* pAux;
       ^~~~
gcc -o "clase 17-3.exe" "src\\clase 17-3.o" 
17:56:32 **** Incremental Build of configuration Debug for project clase 17-3 ****
Info: Internal Builder is used for build
gcc -O0 -g3 -Wall -c -fmessage-length=0 -o "src\\clase 17-3.o" "..\\src\\clase 17-3.c" 
gcc -o "clase 17-3.exe" "src\\clase 17-3.o" 
Info: Nothing to build for clase 17-3
17:57:05 **** Incremental Build of configuration Debug for project clase 17-3 ****
Info: Internal Builder is used for build
gcc -O0 -g3 -Wall -c -fmessage-length=0 -o "src\\clase 17-3.o" "..\\src\\clase 17-3.c" 
gcc -o "clase 17-3.exe" "src\\clase 17-3.o" 
17:57:14 **** Incremental Build of configuration Debug for project clase 17-3 ****
Info: Internal Builder is used for build
gcc -O0 -g3 -Wall -c -fmessage-length=0 -o "src\\clase 17-3.o" "..\\src\\clase 17-3.c" 
gcc -o "clase 17-3.exe" "src\\clase 17-3.o" 
17:57:21 **** Incremental Build of configuration Debug for project clase 17-3 ****
Info: Internal Builder is used for build
gcc -O0 -g3 -Wall -c -fmessage-length=0 -o "src\\clase 17-3.o" "..\\src\\clase 17-3.c" 
gcc -o "clase 17-3.exe" "src\\clase 17-3.o" 
17:57:29 **** Incremental Build of configuration Debug for project clase 17-3 ****
Info: Internal Builder is used for build
gcc -O0 -g3 -Wall -c -fmessage-length=0 -o "src\\clase 17-3.o" "..\\src\\clase 17-3.c" 
gcc -o "clase 17-3.exe" "src\\clase 17-3.o" 
18:03:13 **** Incremental Build of configuration Debug for project clase 17-3 ****
Info: Internal Builder is used for build
gcc -O0 -g3 -Wall -c -fmessage-length=0 -o "src\\clase 17-3.o" "..\\src\\clase 17-3.c" 
gcc -o "clase 17-3.exe" "src\\clase 17-3.o" 
18:03:20 **** Incremental Build of configuration Debug for project clase 17-3 ****
Info: Internal Builder is used for build
gcc -O0 -g3 -Wall -c -fmessage-length=0 -o "src\\clase 17-3.o" "..\\src\\clase 17-3.c" 
gcc -o "clase 17-3.exe" "src\\clase 17-3.o" 
18:03:38 **** Incremental Build of configuration Debug for project clase 17-3 ****
Info: Internal Builder is used for build
gcc -O0 -g3 -Wall -c -fmessage-length=0 -o "src\\clase 17-3.o" "..\\src\\clase 17-3.c" 
gcc -o "clase 17-3.exe" "src\\clase 17-3.o" 
18:03:53 **** Incremental Build of configuration Debug for project clase 17-3 ****
Info: Internal Builder is used for build
gcc -O0 -g3 -Wall -c -fmessage-length=0 -o "src\\clase 17-3.o" "..\\src\\clase 17-3.c" 
..\src\clase 17-3.c: In function 'agregar':
..\src\clase 17-3.c:108:46: error: invalid operands to binary * (have 'unsigned int' and 'int *')
   pArray = (int*) realloc(pArray, sizeof(int)*(tam-1));
                                              ^~~~~~~~
18:04:00 **** Incremental Build of configuration Debug for project clase 17-3 ****
Info: Internal Builder is used for build
gcc -O0 -g3 -Wall -c -fmessage-length=0 -o "src\\clase 17-3.o" "..\\src\\clase 17-3.c" 
gcc -o "clase 17-3.exe" "src\\clase 17-3.o" 
Info: Nothing to build for clase 17-3
18:04:50 **** Incremental Build of configuration Debug for project clase 17-3 ****
Info: Internal Builder is used for build
gcc -O0 -g3 -Wall -c -fmessage-length=0 -o "src\\clase 17-3.o" "..\\src\\clase 17-3.c" 
gcc -o "clase 17-3.exe" "src\\clase 17-3.o" 
Info: Nothing to build for clase 17-3
18:05:50 **** Incremental Build of configuration Debug for project clase 17-3 ****
Info: Internal Builder is used for build
gcc -O0 -g3 -Wall -c -fmessage-length=0 -o "src\\clase 17-3.o" "..\\src\\clase 17-3.c" 
..\src\clase 17-3.c: In function 'agregar':
..\src\clase 17-3.c:81:34: error: invalid operands to binary * (have 'unsigned int' and 'int *')
  pAux = (int*) malloc(sizeof(int)*tam);
                                  ^
18:06:02 **** Incremental Build of configuration Debug for project clase 17-3 ****
Info: Internal Builder is used for build
gcc -O0 -g3 -Wall -c -fmessage-length=0 -o "src\\clase 17-3.o" "..\\src\\clase 17-3.c" 
gcc -o "clase 17-3.exe" "src\\clase 17-3.o" 
Info: Nothing to build for clase 17-3
18:07:16 **** Incremental Build of configuration Debug for project clase 17-3 ****
Info: Internal Builder is used for build
gcc -O0 -g3 -Wall -c -fmessage-length=0 -o "src\\clase 17-3.o" "..\\src\\clase 17-3.c" 
gcc -o "clase 17-3.exe" "src\\clase 17-3.o" 
18:07:43 **** Incremental Build of configuration Debug for project clase 17-3 ****
Info: Internal Builder is used for build
gcc -O0 -g3 -Wall -c -fmessage-length=0 -o "src\\clase 17-3.o" "..\\src\\clase 17-3.c" 
gcc -o "clase 17-3.exe" "src\\clase 17-3.o" 
Info: Nothing to build for clase 17-3
18:08:18 **** Incremental Build of configuration Debug for project clase 17-3 ****
Info: Internal Builder is used for build
gcc -O0 -g3 -Wall -c -fmessage-length=0 -o "src\\clase 17-3.o" "..\\src\\clase 17-3.c" 
gcc -o "clase 17-3.exe" "src\\clase 17-3.o" 
18:08:45 **** Incremental Build of configuration Debug for project clase 17-3 ****
Info: Internal Builder is used for build
gcc -O0 -g3 -Wall -c -fmessage-length=0 -o "src\\clase 17-3.o" "..\\src\\clase 17-3.c" 
gcc -o "clase 17-3.exe" "src\\clase 17-3.o" 
18:09:55 **** Incremental Build of configuration Debug for project clase 17-3 ****
Info: Internal Builder is used for build
gcc -O0 -g3 -Wall -c -fmessage-length=0 -o "src\\clase 17-3.o" "..\\src\\clase 17-3.c" 
gcc -o "clase 17-3.exe" "src\\clase 17-3.o" 
18:10:06 **** Incremental Build of configuration Debug for project clase 17-3 ****
Info: Internal Builder is used for build
gcc -O0 -g3 -Wall -c -fmessage-length=0 -o "src\\clase 17-3.o" "..\\src\\clase 17-3.c" 
gcc -o "clase 17-3.exe" "src\\clase 17-3.o" 
18:10:28 **** Incremental Build of configuration Debug for project clase 17-3 ****
Info: Internal Builder is used for build
gcc -O0 -g3 -Wall -c -fmessage-length=0 -o "src\\clase 17-3.o" "..\\src\\clase 17-3.c" 
gcc -o "clase 17-3.exe" "src\\clase 17-3.o" 
18:10:39 **** Incremental Build of configuration Debug for project clase 17-3 ****
Info: Internal Builder is used for build
gcc -O0 -g3 -Wall -c -fmessage-length=0 -o "src\\clase 17-3.o" "..\\src\\clase 17-3.c" 
gcc -o "clase 17-3.exe" "src\\clase 17-3.o" 
18:11:22 **** Incremental Build of configuration Debug for project clase 17-3 ****
Info: Internal Builder is used for build
gcc -O0 -g3 -Wall -c -fmessage-length=0 -o "src\\clase 17-3.o" "..\\src\\clase 17-3.c" 
..\src\clase 17-3.c: In function 'agregar':
..\src\clase 17-3.c:82:2: error: 'pAux' undeclared (first use in this function)
  pAux = pArray;
  ^~~~
..\src\clase 17-3.c:82:2: note: each undeclared identifier is reported only once for each function it appears in
..\src\clase 17-3.c:78:6: warning: unused variable 'array' [-Wunused-variable]
  int array[*tam];
      ^~~~~
18:11:30 **** Incremental Build of configuration Debug for project clase 17-3 ****
Info: Internal Builder is used for build
gcc -O0 -g3 -Wall -c -fmessage-length=0 -o "src\\clase 17-3.o" "..\\src\\clase 17-3.c" 
..\src\clase 17-3.c: In function 'agregar':
..\src\clase 17-3.c:102:22: error: 'pAux' undeclared (first use in this function)
      *(pArray+i) = *(pAux+i);
                      ^~~~
..\src\clase 17-3.c:102:22: note: each undeclared identifier is reported only once for each function it appears in
..\src\clase 17-3.c:78:6: warning: unused variable 'array' [-Wunused-variable]
  int array[*tam];
      ^~~~~
18:11:30 **** Incremental Build of configuration Debug for project clase 17-3 ****
Info: Internal Builder is used for build
gcc -O0 -g3 -Wall -c -fmessage-length=0 -o "src\\clase 17-3.o" "..\\src\\clase 17-3.c" 
..\src\clase 17-3.c: In function 'agregar':
..\src\clase 17-3.c:102:22: error: 'pAux' undeclared (first use in this function)
      *(pArray+i) = *(pAux+i);
                      ^~~~
..\src\clase 17-3.c:102:22: note: each undeclared identifier is reported only once for each function it appears in
..\src\clase 17-3.c:78:6: warning: unused variable 'array' [-Wunused-variable]
  int array[*tam];
      ^~~~~
18:11:33 **** Incremental Build of configuration Debug for project clase 17-3 ****
Info: Internal Builder is used for build
gcc -O0 -g3 -Wall -c -fmessage-length=0 -o "src\\clase 17-3.o" "..\\src\\clase 17-3.c" 
..\src\clase 17-3.c: In function 'agregar':
..\src\clase 17-3.c:78:6: error: size of array 'array' has non-integer type
  int array[tam];
      ^~~~~
..\src\clase 17-3.c:102:22: error: 'pAux' undeclared (first use in this function)
      *(pArray+i) = *(pAux+i);
                      ^~~~
..\src\clase 17-3.c:102:22: note: each undeclared identifier is reported only once for each function it appears in
..\src\clase 17-3.c:78:6: warning: unused variable 'array' [-Wunused-variable]
  int array[tam];
      ^~~~~
18:11:43 **** Incremental Build of configuration Debug for project clase 17-3 ****
Info: Internal Builder is used for build
gcc -O0 -g3 -Wall -c -fmessage-length=0 -o "src\\clase 17-3.o" "..\\src\\clase 17-3.c" 
..\src\clase 17-3.c: In function 'agregar':
..\src\clase 17-3.c:102:22: error: 'pAux' undeclared (first use in this function)
      *(pArray+i) = *(pAux+i);
                      ^~~~
..\src\clase 17-3.c:102:22: note: each undeclared identifier is reported only once for each function it appears in
..\src\clase 17-3.c:78:7: warning: unused variable 'array' [-Wunused-variable]
  int* array[*tam];
       ^~~~~
18:11:47 **** Incremental Build of configuration Debug for project clase 17-3 ****
Info: Internal Builder is used for build
gcc -O0 -g3 -Wall -c -fmessage-length=0 -o "src\\clase 17-3.o" "..\\src\\clase 17-3.c" 
..\src\clase 17-3.c: In function 'agregar':
..\src\clase 17-3.c:102:22: error: 'pAux' undeclared (first use in this function)
      *(pArray+i) = *(pAux+i);
                      ^~~~
..\src\clase 17-3.c:102:22: note: each undeclared identifier is reported only once for each function it appears in
..\src\clase 17-3.c:78:6: warning: unused variable 'array' [-Wunused-variable]
  int array[*tam];
      ^~~~~
18:11:55 **** Incremental Build of configuration Debug for project clase 17-3 ****
Info: Internal Builder is used for build
gcc -O0 -g3 -Wall -c -fmessage-length=0 -o "src\\clase 17-3.o" "..\\src\\clase 17-3.c" 
..\src\clase 17-3.c: In function 'agregar':
..\src\clase 17-3.c:102:22: error: 'pAux' undeclared (first use in this function)
      *(pArray+i) = *(pAux+i);
                      ^~~~
..\src\clase 17-3.c:102:22: note: each undeclared identifier is reported only once for each function it appears in
..\src\clase 17-3.c:78:6: warning: unused variable 'array' [-Wunused-variable]
  int array[4];
      ^~~~~
18:12:06 **** Incremental Build of configuration Debug for project clase 17-3 ****
Info: Internal Builder is used for build
gcc -O0 -g3 -Wall -c -fmessage-length=0 -o "src\\clase 17-3.o" "..\\src\\clase 17-3.c" 
..\src\clase 17-3.c: In function 'agregar':
..\src\clase 17-3.c:102:22: error: 'pAux' undeclared (first use in this function)
      *(pArray+i) = *(pAux+i);
                      ^~~~
..\src\clase 17-3.c:102:22: note: each undeclared identifier is reported only once for each function it appears in
..\src\clase 17-3.c:78:6: warning: unused variable 'array' [-Wunused-variable]
  int array[*tam];
      ^~~~~
18:12:30 **** Incremental Build of configuration Debug for project clase 17-3 ****
Info: Internal Builder is used for build
gcc -O0 -g3 -Wall -c -fmessage-length=0 -o "src\\clase 17-3.o" "..\\src\\clase 17-3.c" 
..\src\clase 17-3.c: In function 'agregar':
..\src\clase 17-3.c:81:8: error: assignment to expression with array type
  array = pArray;
        ^
..\src\clase 17-3.c:102:22: error: 'pAux' undeclared (first use in this function)
      *(pArray+i) = *(pAux+i);
                      ^~~~
..\src\clase 17-3.c:102:22: note: each undeclared identifier is reported only once for each function it appears in
..\src\clase 17-3.c:78:6: warning: variable 'array' set but not used [-Wunused-but-set-variable]
  int array[*tam];
      ^~~~~
18:13:09 **** Incremental Build of configuration Debug for project clase 17-3 ****
Info: Internal Builder is used for build
gcc -O0 -g3 -Wall -c -fmessage-length=0 -o "src\\clase 17-3.o" "..\\src\\clase 17-3.c" 
..\src\clase 17-3.c: In function 'agregar':
..\src\clase 17-3.c:81:8: error: assignment to expression with array type
  array = &pArray;
        ^
..\src\clase 17-3.c:102:22: error: 'pAux' undeclared (first use in this function)
      *(pArray+i) = *(pAux+i);
                      ^~~~
..\src\clase 17-3.c:102:22: note: each undeclared identifier is reported only once for each function it appears in
..\src\clase 17-3.c:78:6: warning: variable 'array' set but not used [-Wunused-but-set-variable]
  int array[*tam];
      ^~~~~
18:13:15 **** Incremental Build of configuration Debug for project clase 17-3 ****
Info: Internal Builder is used for build
gcc -O0 -g3 -Wall -c -fmessage-length=0 -o "src\\clase 17-3.o" "..\\src\\clase 17-3.c" 
..\src\clase 17-3.c: In function 'agregar':
..\src\clase 17-3.c:81:9: warning: assignment makes integer from pointer without a cast [-Wint-conversion]
  *array = pArray;
         ^
..\src\clase 17-3.c:102:22: error: 'pAux' undeclared (first use in this function)
      *(pArray+i) = *(pAux+i);
                      ^~~~
..\src\clase 17-3.c:102:22: note: each undeclared identifier is reported only once for each function it appears in
18:13:23 **** Incremental Build of configuration Debug for project clase 17-3 ****
Info: Internal Builder is used for build
gcc -O0 -g3 -Wall -c -fmessage-length=0 -o "src\\clase 17-3.o" "..\\src\\clase 17-3.c" 
..\src\clase 17-3.c: In function 'agregar':
..\src\clase 17-3.c:102:22: error: 'pAux' undeclared (first use in this function)
      *(pArray+i) = *(pAux+i);
                      ^~~~
..\src\clase 17-3.c:102:22: note: each undeclared identifier is reported only once for each function it appears in
18:13:47 **** Incremental Build of configuration Debug for project clase 17-3 ****
Info: Internal Builder is used for build
gcc -O0 -g3 -Wall -c -fmessage-length=0 -o "src\\clase 17-3.o" "..\\src\\clase 17-3.c" 
..\src\clase 17-3.c: In function 'agregar':
..\src\clase 17-3.c:102:22: error: 'pAux' undeclared (first use in this function)
      *(pArray+i) = *(pAux+i);
                      ^~~~
..\src\clase 17-3.c:102:22: note: each undeclared identifier is reported only once for each function it appears in
18:13:51 **** Incremental Build of configuration Debug for project clase 17-3 ****
Info: Internal Builder is used for build
gcc -O0 -g3 -Wall -c -fmessage-length=0 -o "src\\clase 17-3.o" "..\\src\\clase 17-3.c" 
gcc -o "clase 17-3.exe" "src\\clase 17-3.o" 
Info: Nothing to build for clase 17-3
18:19:21 **** Incremental Build of configuration Debug for project clase 17-3 ****
Info: Internal Builder is used for build
gcc -O0 -g3 -Wall -c -fmessage-length=0 -o "src\\clase 17-3.o" "..\\src\\clase 17-3.c" 
..\src\clase 17-3.c: In function 'agregar':
..\src\clase 17-3.c:81:9: warning: assignment makes integer from pointer without a cast [-Wint-conversion]
  *array = pArray;
         ^
gcc -o "clase 17-3.exe" "src\\clase 17-3.o" 
18:19:28 **** Incremental Build of configuration Debug for project clase 17-3 ****
Info: Internal Builder is used for build
gcc -O0 -g3 -Wall -c -fmessage-length=0 -o "src\\clase 17-3.o" "..\\src\\clase 17-3.c" 
..\src\clase 17-3.c: In function 'agregar':
..\src\clase 17-3.c:81:9: warning: assignment makes integer from pointer without a cast [-Wint-conversion]
  *array = &pArray;
         ^
gcc -o "clase 17-3.exe" "src\\clase 17-3.o" 
18:19:31 **** Incremental Build of configuration Debug for project clase 17-3 ****
Info: Internal Builder is used for build
gcc -O0 -g3 -Wall -c -fmessage-length=0 -o "src\\clase 17-3.o" "..\\src\\clase 17-3.c" 
..\src\clase 17-3.c: In function 'agregar':
..\src\clase 17-3.c:81:8: error: assignment to expression with array type
  array = &pArray;
        ^
18:19:48 **** Incremental Build of configuration Debug for project clase 17-3 ****
Info: Internal Builder is used for build
gcc -O0 -g3 -Wall -c -fmessage-length=0 -o "src\\clase 17-3.o" "..\\src\\clase 17-3.c" 
gcc -o "clase 17-3.exe" "src\\clase 17-3.o" 
18:21:10 **** Incremental Build of configuration Debug for project clase 17-3 ****
Info: Internal Builder is used for build
gcc -O0 -g3 -Wall -c -fmessage-length=0 -o "src\\clase 17-3.o" "..\\src\\clase 17-3.c" 
gcc -o "clase 17-3.exe" "src\\clase 17-3.o" 
18:21:24 **** Incremental Build of configuration Debug for project clase 17-3 ****
Info: Internal Builder is used for build
gcc -O0 -g3 -Wall -c -fmessage-length=0 -o "src\\clase 17-3.o" "..\\src\\clase 17-3.c" 
gcc -o "clase 17-3.exe" "src\\clase 17-3.o" 
18:21:38 **** Incremental Build of configuration Debug for project clase 17-3 ****
Info: Internal Builder is used for build
gcc -O0 -g3 -Wall -c -fmessage-length=0 -o "src\\clase 17-3.o" "..\\src\\clase 17-3.c" 
gcc -o "clase 17-3.exe" "src\\clase 17-3.o" 
18:21:44 **** Incremental Build of configuration Debug for project clase 17-3 ****
Info: Internal Builder is used for build
gcc -O0 -g3 -Wall -c -fmessage-length=0 -o "src\\clase 17-3.o" "..\\src\\clase 17-3.c" 
gcc -o "clase 17-3.exe" "src\\clase 17-3.o" 
18:22:31 **** Incremental Build of configuration Debug for project clase 17-3 ****
Info: Internal Builder is used for build
gcc -O0 -g3 -Wall -c -fmessage-length=0 -o "src\\clase 17-3.o" "..\\src\\clase 17-3.c" 
gcc -o "clase 17-3.exe" "src\\clase 17-3.o" 
18:22:47 **** Incremental Build of configuration Debug for project clase 17-3 ****
Info: Internal Builder is used for build
gcc -O0 -g3 -Wall -c -fmessage-length=0 -o "src\\clase 17-3.o" "..\\src\\clase 17-3.c" 
gcc -o "clase 17-3.exe" "src\\clase 17-3.o" 
18:22:59 **** Incremental Build of configuration Debug for project clase 17-3 ****
Info: Internal Builder is used for build
gcc -O0 -g3 -Wall -c -fmessage-length=0 -o "src\\clase 17-3.o" "..\\src\\clase 17-3.c" 
gcc -o "clase 17-3.exe" "src\\clase 17-3.o" 
18:23:10 **** Incremental Build of configuration Debug for project clase 17-3 ****
Info: Internal Builder is used for build
gcc -O0 -g3 -Wall -c -fmessage-length=0 -o "src\\clase 17-3.o" "..\\src\\clase 17-3.c" 
gcc -o "clase 17-3.exe" "src\\clase 17-3.o" 
18:24:34 **** Incremental Build of configuration Debug for project clase 17-3 ****
Info: Internal Builder is used for build
gcc -O0 -g3 -Wall -c -fmessage-length=0 -o "src\\clase 17-3.o" "..\\src\\clase 17-3.c" 
gcc -o "clase 17-3.exe" "src\\clase 17-3.o" 
18:24:55 **** Incremental Build of configuration Debug for project clase 17-3 ****
Info: Internal Builder is used for build
gcc -O0 -g3 -Wall -c -fmessage-length=0 -o "src\\clase 17-3.o" "..\\src\\clase 17-3.c" 
gcc -o "clase 17-3.exe" "src\\clase 17-3.o" 
18:25:48 **** Incremental Build of configuration Debug for project clase 17-3 ****
Info: Internal Builder is used for build
gcc -O0 -g3 -Wall -c -fmessage-length=0 -o "src\\clase 17-3.o" "..\\src\\clase 17-3.c" 
gcc -o "clase 17-3.exe" "src\\clase 17-3.o" 
18:27:25 **** Incremental Build of configuration Debug for project clase 17-3 ****
Info: Internal Builder is used for build
gcc -O0 -g3 -Wall -c -fmessage-length=0 -o "src\\clase 17-3.o" "..\\src\\clase 17-3.c" 
gcc -o "clase 17-3.exe" "src\\clase 17-3.o" 
18:28:01 **** Incremental Build of configuration Debug for project clase 17-3 ****
Info: Internal Builder is used for build
gcc -O0 -g3 -Wall -c -fmessage-length=0 -o "src\\clase 17-3.o" "..\\src\\clase 17-3.c" 
gcc -o "clase 17-3.exe" "src\\clase 17-3.o" 
18:29:38 **** Incremental Build of configuration Debug for project clase 17-3 ****
Info: Internal Builder is used for build
gcc -O0 -g3 -Wall -c -fmessage-length=0 -o "src\\clase 17-3.o" "..\\src\\clase 17-3.c" 
gcc -o "clase 17-3.exe" "src\\clase 17-3.o" 
18:34:03 **** Incremental Build of configuration Debug for project clase 17-3 ****
Info: Internal Builder is used for build
gcc -O0 -g3 -Wall -c -fmessage-length=0 -o "src\\clase 17-3.o" "..\\src\\clase 17-3.c" 
gcc -o "clase 17-3.exe" "src\\clase 17-3.o" 
18:36:27 **** Incremental Build of configuration Debug for project clase 17-3 ****
Info: Internal Builder is used for build
gcc -O0 -g3 -Wall -c -fmessage-length=0 -o "src\\clase 17-3.o" "..\\src\\clase 17-3.c" 
gcc -o "clase 17-3.exe" "src\\clase 17-3.o" 
18:42:18 **** Incremental Build of configuration Debug for project clase 17-3 ****
Info: Internal Builder is used for build
gcc -O0 -g3 -Wall -c -fmessage-length=0 -o "src\\clase 17-3.o" "..\\src\\clase 17-3.c" 
gcc -o "clase 17-3.exe" "src\\clase 17-3.o" 
18:43:14 **** Incremental Build of configuration Debug for project clase 17-3 ****
Info: Internal Builder is used for build
gcc -O0 -g3 -Wall -c -fmessage-length=0 -o "src\\clase 17-3.o" "..\\src\\clase 17-3.c" 
..\src\clase 17-3.c: In function 'agregar':
..\src\clase 17-3.c:89:7: error: expected expression before ')' token
    if()
       ^
18:43:29 **** Incremental Build of configuration Debug for project clase 17-3 ****
Info: Internal Builder is used for build
gcc -O0 -g3 -Wall -c -fmessage-length=0 -o "src\\clase 17-3.o" "..\\src\\clase 17-3.c" 
gcc -o "clase 17-3.exe" "src\\clase 17-3.o" 
18:45:17 **** Incremental Build of configuration Debug for project clase 17-3 ****
Info: Internal Builder is used for build
gcc -O0 -g3 -Wall -c -fmessage-length=0 -o "src\\clase 17-3.o" "..\\src\\clase 17-3.c" 
gcc -o "clase 17-3.exe" "src\\clase 17-3.o" 
Info: Nothing to build for clase 17-3
18:45:34 **** Incremental Build of configuration Debug for project clase 17-3 ****
Info: Internal Builder is used for build
gcc -O0 -g3 -Wall -c -fmessage-length=0 -o "src\\clase 17-3.o" "..\\src\\clase 17-3.c" 
gcc -o "clase 17-3.exe" "src\\clase 17-3.o" 
18:47:29 **** Incremental Build of configuration Debug for project clase 17-3 ****
Info: Internal Builder is used for build
gcc -O0 -g3 -Wall -c -fmessage-length=0 -o "src\\clase 17-3.o" "..\\src\\clase 17-3.c" 
gcc -o "clase 17-3.exe" "src\\clase 17-3.o" 
Info: Nothing to build for clase 17-3
Info: Nothing to build for clase 17-3
18:55:41 **** Incremental Build of configuration Debug for project clase 17-3 ****
Info: Internal Builder is used for build
gcc -O0 -g3 -Wall -c -fmessage-length=0 -o "src\\clase 17-3.o" "..\\src\\clase 17-3.c" 
..\src\clase 17-3.c: In function 'agregar':
..\src\clase 17-3.c:78:6: warning: variable 'aux' set but not used [-Wunused-but-set-variable]
  int aux;
      ^~~
gcc -o "clase 17-3.exe" "src\\clase 17-3.o" 
19:03:32 **** Incremental Build of configuration Debug for project clase 17-3 ****
Info: Internal Builder is used for build
gcc -O0 -g3 -Wall -c -fmessage-length=0 -o "src\\clase 17-3.o" "..\\src\\clase 17-3.c" 
..\src\clase 17-3.c: In function 'agregar':
..\src\clase 17-3.c:79:6: warning: unused variable 'auxDos' [-Wunused-variable]
  int auxDos;
      ^~~~~~
gcc -o "clase 17-3.exe" "src\\clase 17-3.o" 
19:03:48 **** Incremental Build of configuration Debug for project clase 17-3 ****
Info: Internal Builder is used for build
gcc -O0 -g3 -Wall -c -fmessage-length=0 -o "src\\clase 17-3.o" "..\\src\\clase 17-3.c" 
..\src\clase 17-3.c: In function 'agregar':
..\src\clase 17-3.c:79:6: warning: variable 'auxDos' set but not used [-Wunused-but-set-variable]
  int auxDos;
      ^~~~~~
gcc -o "clase 17-3.exe" "src\\clase 17-3.o" 
19:05:35 **** Incremental Build of configuration Debug for project clase 17-3 ****
Info: Internal Builder is used for build
gcc -O0 -g3 -Wall -c -fmessage-length=0 -o "src\\clase 17-3.o" "..\\src\\clase 17-3.c" 
..\src\clase 17-3.c: In function 'agregar':
..\src\clase 17-3.c:79:6: warning: variable 'auxDos' set but not used [-Wunused-but-set-variable]
  int auxDos;
      ^~~~~~
gcc -o "clase 17-3.exe" "src\\clase 17-3.o" 
19:09:25 **** Incremental Build of configuration Debug for project clase 17-3 ****
Info: Internal Builder is used for build
gcc -O0 -g3 -Wall -c -fmessage-length=0 -o "src\\clase 17-3.o" "..\\src\\clase 17-3.c" 
gcc -o "clase 17-3.exe" "src\\clase 17-3.o" 
Info: Nothing to build for clase 17-3
19:10:50 **** Incremental Build of configuration Debug for project clase 17-3 ****
Info: Internal Builder is used for build
gcc -O0 -g3 -Wall -c -fmessage-length=0 -o "src\\clase 17-3.o" "..\\src\\clase 17-3.c" 
gcc -o "clase 17-3.exe" "src\\clase 17-3.o" 
19:13:34 **** Incremental Build of configuration Debug for project clase 17-3 ****
Info: Internal Builder is used for build
gcc -O0 -g3 -Wall -c -fmessage-length=0 -o "src\\clase 17-3.o" "..\\src\\clase 17-3.c" 
gcc -o "clase 17-3.exe" "src\\clase 17-3.o" 
11:21:40 **** Incremental Build of configuration Debug for project clase 17-3 ****
Info: Internal Builder is used for build
gcc -O0 -g3 -Wall -c -fmessage-length=0 -o "src\\clase 17-3.o" "..\\src\\clase 17-3.c" 
gcc -o "clase 17-3.exe" "src\\clase 17-3.o" 
